C:\PRACTISE_2\EXPERIMENTAL\MSDN\C++\CPPWINDOWSSERVICE\WIN32\DEBUG\CPPWINDOWSSERVICE.OBJ
C:\PRACTISE_2\EXPERIMENTAL\MSDN\C++\CPPWINDOWSSERVICE\WIN32\DEBUG\SAMPLESERVICE.OBJ
C:\PRACTISE_2\EXPERIMENTAL\MSDN\C++\CPPWINDOWSSERVICE\WIN32\DEBUG\SERVICEBASE.OBJ
C:\PRACTISE_2\EXPERIMENTAL\MSDN\C++\CPPWINDOWSSERVICE\WIN32\DEBUG\SERVICEINSTALLER.OBJ
C:\PRACTISE_2\EXPERIMENTAL\MSDN\C++\CPPWINDOWSSERVICE\WIN32\DEBUG\WORKER.OBJ
C:\PRACTISE_2\EXPERIMENTAL\MSDN\C++\CPPWINDOWSSERVICE\WIN32\DEBUG\VC110.PDB
C:\PRACTISE_2\EXPERIMENTAL\MSDN\C++\DEBUG\CPPWINDOWSSERVICE.ILK
C:\PRACTISE_2\EXPERIMENTAL\MSDN\C++\DEBUG\CPPWINDOWSSERVICE.EXE
C:\PRACTISE_2\EXPERIMENTAL\MSDN\C++\DEBUG\CPPWINDOWSSERVICE.PDB
C:\practise_2\experimental\msdn\C++\CppWindowsService\Win32\Debug\CppWindowsService.obj
C:\practise_2\experimental\msdn\C++\CppWindowsService\Win32\Debug\SampleService.obj
C:\practise_2\experimental\msdn\C++\CppWindowsService\Win32\Debug\ServiceBase.obj
C:\practise_2\experimental\msdn\C++\CppWindowsService\Win32\Debug\ServiceInstaller.obj
C:\practise_2\experimental\msdn\C++\CppWindowsService\Win32\Debug\worker.obj
C:\practise_2\experimental\msdn\C++\CppWindowsService\Win32\Debug\cl.command.1.tlog
C:\practise_2\experimental\msdn\C++\CppWindowsService\Win32\Debug\CL.read.1.tlog
C:\practise_2\experimental\msdn\C++\CppWindowsService\Win32\Debug\CL.write.1.tlog
C:\practise_2\experimental\msdn\C++\CppWindowsService\Win32\Debug\link-cvtres.read.1.tlog
C:\practise_2\experimental\msdn\C++\CppWindowsService\Win32\Debug\link-cvtres.write.1.tlog
C:\practise_2\experimental\msdn\C++\CppWindowsService\Win32\Debug\link-rc.read.1.tlog
C:\practise_2\experimental\msdn\C++\CppWindowsService\Win32\Debug\link-rc.write.1.tlog
C:\practise_2\experimental\msdn\C++\CppWindowsService\Win32\Debug\link.command.1.tlog
C:\practise_2\experimental\msdn\C++\CppWindowsService\Win32\Debug\link.read.1.tlog
C:\practise_2\experimental\msdn\C++\CppWindowsService\Win32\Debug\link.write.1.tlog
C:\practise_2\experimental\msdn\C++\CppWindowsService\Win32\Debug\vc110.idb
C:\practise_2\experimental\msdn\C++\CppWindowsService\Win32\Debug\vc110.pdb
C:\practise_2\experimental\msdn\C++\Debug\CppWindowsService.pdb
C:\practise_2\experimental\msdn\C++\Debug\CppWindowsService.exe
C:\practise_2\experimental\msdn\C++\Debug\CppWindowsService.ilk
